TN:
SF:app.js
FN:30,(anonymous_0)
FN:35,(anonymous_1)
FNF:2
FNH:2
FNDA:2,(anonymous_0)
FNDA:30,(anonymous_1)
DA:5,4
DA:6,4
DA:8,4
DA:10,4
DA:11,4
DA:12,4
DA:13,4
DA:15,4
DA:17,4
DA:19,4
DA:20,4
DA:21,4
DA:22,4
DA:24,4
DA:25,4
DA:26,4
DA:30,4
DA:31,2
DA:35,4
DA:36,30
DA:37,30
DA:38,30
DA:40,30
DA:45,4
LF:24
LH:24
BRDA:36,0,0,1
BRDA:36,0,1,29
BRDA:37,1,0,30
BRDA:37,1,1,2
BRF:4
BRH:4
end_of_record
TN:
SF:helpers/sql.js
FN:5,sqlForPartialUpdate
FN:10,(anonymous_1)
FNF:2
FNH:2
FNDA:13,sqlForPartialUpdate
FNDA:23,(anonymous_1)
DA:1,6
DA:6,13
DA:7,13
DA:10,11
DA:11,23
DA:14,11
DA:20,6
LF:7
LH:7
BRDA:7,0,0,2
BRDA:7,0,1,11
BRDA:11,1,0,23
BRDA:11,1,1,11
BRF:4
BRH:4
end_of_record
TN:
SF:helpers/tokens.js
FN:6,createToken
FNF:1
FNH:1
FNDA:10,createToken
DA:1,5
DA:2,5
DA:7,10
DA:10,10
DA:15,10
DA:18,5
LF:6
LH:6
BRDA:12,0,0,10
BRDA:12,0,1,8
BRF:2
BRH:2
end_of_record
TN:
SF:middleware/auth.js
FN:18,authenticateJWT
FN:36,ensureLoggedIn
FNF:2
FNH:2
FNDA:48,authenticateJWT
FNDA:32,ensureLoggedIn
DA:5,5
DA:6,5
DA:7,5
DA:19,48
DA:20,48
DA:21,48
DA:22,26
DA:23,26
DA:25,47
DA:27,1
DA:37,32
DA:38,24
DA:42,5
LF:13
LH:13
BRDA:20,0,0,48
BRDA:20,0,1,47
BRDA:21,1,0,26
BRDA:21,1,1,22
BRDA:37,2,0,8
BRDA:37,2,1,24
BRF:6
BRH:6
end_of_record
TN:
SF:models/_testCommon.js
FN:6,commonBeforeAll
FN:33,commonBeforeEach
FN:37,commonAfterEach
FN:41,commonAfterAll
FNF:4
FNH:4
FNDA:2,commonBeforeAll
FNDA:26,commonBeforeEach
FNDA:26,commonAfterEach
FNDA:2,commonAfterAll
DA:1,2
DA:3,2
DA:4,2
DA:8,2
DA:10,2
DA:12,2
DA:18,2
DA:34,26
DA:38,26
DA:42,2
DA:46,2
LF:11
LH:11
BRF:0
BRH:0
end_of_record
TN:
SF:models/company.js
FN:19,(anonymous_0)
FN:57,(anonymous_1)
FN:77,(anonymous_2)
FN:107,(anonymous_3)
FN:134,(anonymous_4)
FNF:5
FNH:5
FNDA:13,(anonymous_0)
FNDA:3,(anonymous_1)
FNDA:5,(anonymous_2)
FNDA:6,(anonymous_3)
FNDA:4,(anonymous_4)
DA:3,5
DA:4,5
DA:5,5
DA:20,13
DA:26,13
DA:27,1
DA:29,12
DA:47,12
DA:49,12
DA:58,3
DA:66,2
DA:78,5
DA:88,5
DA:90,5
DA:92,3
DA:108,6
DA:114,5
DA:116,5
DA:121,5
DA:122,5
DA:124,5
DA:126,3
DA:135,4
DA:141,4
DA:143,4
DA:148,5
LF:26
LH:26
BRDA:26,0,0,1
BRDA:26,0,1,12
BRDA:90,1,0,2
BRDA:90,1,1,3
BRDA:124,2,0,2
BRDA:124,2,1,3
BRDA:143,3,0,2
BRDA:143,3,1,2
BRF:8
BRH:8
end_of_record
TN:
SF:models/user.js
FN:24,(anonymous_0)
FN:59,(anonymous_1)
FN:104,(anonymous_2)
FN:126,(anonymous_3)
FN:162,(anonymous_4)
FN:195,(anonymous_5)
FNF:6
FNH:6
FNDA:7,(anonymous_0)
FNDA:16,(anonymous_1)
FNDA:3,(anonymous_2)
FNDA:4,(anonymous_3)
FNDA:7,(anonymous_4)
FNDA:4,(anonymous_5)
DA:3,5
DA:4,5
DA:5,5
DA:10,5
DA:12,5
DA:26,7
DA:38,7
DA:40,7
DA:42,4
DA:43,4
DA:44,3
DA:45,3
DA:49,4
DA:61,16
DA:68,16
DA:69,1
DA:72,15
DA:74,15
DA:94,15
DA:96,15
DA:105,3
DA:115,2
DA:127,4
DA:138,4
DA:140,4
DA:142,2
DA:163,7
DA:164,2
DA:167,7
DA:174,6
DA:176,6
DA:184,6
DA:185,6
DA:187,6
DA:189,4
DA:190,4
DA:196,4
DA:203,4
DA:205,4
DA:210,5
LF:40
LH:40
BRDA:40,0,0,4
BRDA:40,0,1,3
BRDA:43,1,0,3
BRDA:43,1,1,1
BRDA:68,2,0,1
BRDA:68,2,1,15
BRDA:140,3,0,2
BRDA:140,3,1,2
BRDA:163,4,0,2
BRDA:163,4,1,5
BRDA:187,5,0,2
BRDA:187,5,1,4
BRDA:205,6,0,2
BRDA:205,6,1,2
BRF:14
BRH:14
end_of_record
TN:
SF:routes/_testCommon.js
FN:8,commonBeforeAll
FN:65,commonBeforeEach
FN:69,commonAfterEach
FN:73,commonAfterAll
FNF:4
FNH:4
FNDA:3,commonBeforeAll
FNDA:43,commonBeforeEach
FNDA:43,commonAfterEach
FNDA:3,commonAfterAll
DA:3,3
DA:4,3
DA:5,3
DA:6,3
DA:10,3
DA:12,3
DA:14,3
DA:22,3
DA:30,3
DA:39,3
DA:47,3
DA:55,3
DA:66,43
DA:70,43
DA:74,3
DA:78,3
DA:81,3
LF:17
LH:17
BRF:0
BRH:0
end_of_record
TN:
SF:routes/auth.js
FN:22,(anonymous_0)
FN:29,(anonymous_1)
FN:49,(anonymous_2)
FN:56,(anonymous_3)
FNF:4
FNH:4
FNDA:5,(anonymous_0)
FNDA:2,(anonymous_1)
FNDA:3,(anonymous_2)
FNDA:5,(anonymous_3)
DA:5,4
DA:7,4
DA:8,4
DA:9,4
DA:10,4
DA:11,4
DA:12,4
DA:13,4
DA:22,4
DA:23,5
DA:28,5
DA:29,2
DA:30,2
DA:33,3
DA:34,3
DA:35,1
DA:36,1
DA:49,4
DA:50,3
DA:55,3
DA:56,5
DA:57,2
DA:60,1
DA:61,1
DA:62,1
DA:66,4
LF:26
LH:26
BRDA:28,0,0,2
BRDA:28,0,1,3
BRDA:55,1,0,2
BRDA:55,1,1,1
BRF:4
BRH:4
end_of_record
TN:
SF:routes/companies.js
FN:27,(anonymous_0)
FN:34,(anonymous_1)
FN:53,(anonymous_2)
FN:66,(anonymous_3)
FN:82,(anonymous_4)
FN:89,(anonymous_5)
FN:102,(anonymous_6)
FNF:7
FNH:7
FNDA:3,(anonymous_0)
FNDA:3,(anonymous_1)
FNDA:2,(anonymous_2)
FNDA:3,(anonymous_3)
FNDA:4,(anonymous_4)
FNDA:2,(anonymous_5)
FNDA:2,(anonymous_6)
DA:5,4
DA:6,4
DA:8,4
DA:9,4
DA:10,4
DA:12,4
DA:13,4
DA:15,4
DA:27,4
DA:28,3
DA:33,3
DA:34,3
DA:35,2
DA:38,1
DA:39,1
DA:53,4
DA:54,2
DA:55,1
DA:66,4
DA:67,3
DA:68,2
DA:82,4
DA:83,4
DA:88,4
DA:89,2
DA:90,2
DA:93,2
DA:94,1
DA:102,4
DA:103,2
DA:104,1
DA:108,4
LF:32
LH:32
BRDA:33,0,0,2
BRDA:33,0,1,1
BRDA:88,1,0,2
BRDA:88,1,1,2
BRF:4
BRH:4
end_of_record
TN:
SF:routes/users.js
FN:30,(anonymous_0)
FN:37,(anonymous_1)
FN:54,(anonymous_2)
FN:67,(anonymous_3)
FN:83,(anonymous_4)
FN:90,(anonymous_5)
FN:104,(anonymous_6)
FNF:7
FNH:7
FNDA:4,(anonymous_0)
FNDA:5,(anonymous_1)
FNDA:2,(anonymous_2)
FNDA:2,(anonymous_3)
FNDA:4,(anonymous_4)
FNDA:1,(anonymous_5)
FNDA:2,(anonymous_6)
DA:5,4
DA:7,4
DA:8,4
DA:9,4
DA:10,4
DA:11,4
DA:12,4
DA:13,4
DA:15,4
DA:30,4
DA:31,4
DA:36,4
DA:37,5
DA:38,2
DA:41,2
DA:42,2
DA:43,2
DA:54,4
DA:55,2
DA:56,1
DA:67,4
DA:68,2
DA:69,1
DA:83,4
DA:84,4
DA:89,4
DA:90,1
DA:91,1
DA:94,3
DA:95,2
DA:104,4
DA:105,2
DA:106,1
DA:110,4
LF:34
LH:34
BRDA:36,0,0,2
BRDA:36,0,1,2
BRDA:89,1,0,1
BRDA:89,1,1,3
BRF:4
BRH:4
end_of_record
TN:
SF:solution/app.js
FN:32,(anonymous_0)
FN:37,(anonymous_1)
FNF:2
FNH:2
FNDA:2,(anonymous_0)
FNDA:55,(anonymous_1)
DA:5,5
DA:6,5
DA:8,5
DA:10,5
DA:11,5
DA:12,5
DA:13,5
DA:14,5
DA:16,5
DA:18,5
DA:20,5
DA:21,5
DA:22,5
DA:23,5
DA:25,5
DA:26,5
DA:27,5
DA:28,5
DA:32,5
DA:33,2
DA:37,5
DA:38,55
DA:39,55
DA:40,55
DA:42,55
DA:47,5
LF:26
LH:26
BRDA:38,0,0,1
BRDA:38,0,1,54
BRDA:39,1,0,55
BRDA:39,1,1,1
BRF:4
BRH:4
end_of_record
TN:
SF:solution/config.js
FN:13,getDatabaseUri
FNF:1
FNH:1
FNDA:40,getDatabaseUri
DA:5,20
DA:6,20
DA:8,20
DA:10,20
DA:14,40
DA:22,20
DA:24,20
DA:25,20
DA:26,20
DA:27,20
DA:28,20
DA:29,20
DA:31,20
LF:13
LH:13
BRDA:8,0,0,20
BRDA:8,0,1,18
BRDA:10,1,0,20
BRDA:10,1,1,18
BRDA:14,2,0,34
BRDA:14,2,1,6
BRDA:16,3,0,6
BRDA:16,3,1,2
BRDA:22,4,0,18
BRDA:22,4,1,2
BRF:10
BRH:10
end_of_record
TN:
SF:solution/db.js
FNF:0
FNH:0
DA:5,14
DA:6,14
DA:8,14
DA:12,14
DA:14,14
LF:5
LH:5
BRF:0
BRH:0
end_of_record
TN:
SF:solution/helpers/sql.js
FN:20,sqlForPartialUpdate
FN:25,(anonymous_1)
FNF:2
FNH:2
FNDA:20,sqlForPartialUpdate
FNDA:32,(anonymous_1)
DA:1,9
DA:21,20
DA:22,20
DA:25,17
DA:26,32
DA:29,17
DA:35,9
LF:7
LH:7
BRDA:22,0,0,3
BRDA:22,0,1,17
BRDA:26,1,0,32
BRDA:26,1,1,17
BRF:4
BRH:4
end_of_record
TN:
SF:solution/helpers/tokens.js
FN:6,createToken
FNF:1
FNH:1
FNDA:19,createToken
DA:1,6
DA:2,6
DA:7,19
DA:10,19
DA:15,19
DA:18,6
LF:6
LH:6
BRDA:12,0,0,19
BRDA:12,0,1,13
BRF:2
BRH:2
end_of_record
TN:
SF:solution/middleware/auth.js
FN:18,authenticateJWT
FN:36,ensureLoggedIn
FN:47,ensureAdmin
FN:60,ensureCorrectUserOrAdmin
FNF:4
FNH:4
FNDA:87,authenticateJWT
FNDA:2,ensureLoggedIn
FNDA:40,ensureAdmin
FNDA:28,ensureCorrectUserOrAdmin
DA:5,6
DA:6,6
DA:7,6
DA:19,87
DA:20,87
DA:21,87
DA:22,54
DA:23,54
DA:25,86
DA:27,1
DA:37,2
DA:38,1
DA:48,40
DA:49,15
DA:51,25
DA:61,28
DA:62,28
DA:63,10
DA:65,18
DA:69,6
LF:20
LH:20
BRDA:20,0,0,87
BRDA:20,0,1,86
BRDA:21,1,0,54
BRDA:21,1,1,33
BRDA:37,2,0,1
BRDA:37,2,1,1
BRDA:48,3,0,15
BRDA:48,3,1,25
BRDA:48,4,0,40
BRDA:48,4,1,34
BRDA:62,5,0,10
BRDA:62,5,1,18
BRDA:62,6,0,28
BRDA:62,6,1,23
BRDA:62,6,2,10
BRF:15
BRH:15
end_of_record
TN:
SF:solution/models/_testCommon.js
FN:8,commonBeforeAll
FN:27,(anonymous_1)
FN:49,commonBeforeEach
FN:53,commonAfterEach
FN:57,commonAfterAll
FNF:5
FNH:5
FNDA:3,commonBeforeAll
FNDA:12,(anonymous_1)
FNDA:52,commonBeforeEach
FNDA:52,commonAfterEach
FNDA:3,commonAfterAll
DA:1,3
DA:3,3
DA:4,3
DA:6,3
DA:10,3
DA:12,3
DA:14,3
DA:20,3
DA:27,12
DA:29,3
DA:43,3
DA:50,52
DA:54,52
DA:58,3
DA:62,3
LF:15
LH:15
BRF:0
BRH:0
end_of_record
TN:
SF:solution/models/company.js
FN:19,(anonymous_0)
FN:62,(anonymous_1)
FN:98,(anonymous_2)
FN:129,(anonymous_3)
FN:169,(anonymous_4)
FN:195,(anonymous_5)
FNF:6
FNH:6
FNDA:16,(anonymous_0)
FNDA:13,(anonymous_1)
FNDA:10,(anonymous_2)
FNDA:5,(anonymous_3)
FNDA:6,(anonymous_4)
FNDA:4,(anonymous_5)
DA:3,6
DA:4,6
DA:5,6
DA:20,16
DA:26,16
DA:27,1
DA:29,15
DA:43,15
DA:45,15
DA:63,13
DA:64,13
DA:66,13
DA:67,6
DA:68,6
DA:71,13
DA:72,5
DA:73,5
DA:76,13
DA:77,4
DA:78,4
DA:81,13
DA:85,13
DA:99,10
DA:101,10
DA:102,1
DA:105,9
DA:109,9
DA:118,9
DA:130,5
DA:140,5
DA:142,5
DA:144,3
DA:152,3
DA:154,3
DA:170,6
DA:176,5
DA:178,5
DA:182,5
DA:183,5
DA:185,5
DA:187,3
DA:196,4
DA:202,4
DA:204,4
DA:209,6
LF:45
LH:45
BRDA:26,0,0,1
BRDA:26,0,1,15
BRDA:66,1,0,6
BRDA:66,1,1,7
BRDA:71,2,0,5
BRDA:71,2,1,8
BRDA:76,3,0,4
BRDA:76,3,1,9
BRDA:81,4,0,10
BRDA:81,4,1,3
BRDA:98,5,0,1
BRDA:101,6,0,1
BRDA:101,6,1,9
BRDA:142,7,0,2
BRDA:142,7,1,3
BRDA:185,8,0,2
BRDA:185,8,1,3
BRDA:204,9,0,2
BRDA:204,9,1,2
BRF:19
BRH:19
end_of_record
TN:
SF:solution/models/job.js
FN:18,(anonymous_0)
FN:51,(anonymous_1)
FN:86,(anonymous_2)
FN:114,(anonymous_3)
FN:155,(anonymous_4)
FN:182,(anonymous_5)
FNF:6
FNH:6
FNDA:14,(anonymous_0)
FNDA:8,(anonymous_1)
FNDA:8,(anonymous_2)
FNDA:4,(anonymous_3)
FNDA:4,(anonymous_4)
FNDA:4,(anonymous_5)
DA:3,6
DA:4,6
DA:5,6
DA:19,14
DA:32,14
DA:34,14
DA:52,8
DA:53,8
DA:55,8
DA:56,3
DA:57,3
DA:60,8
DA:61,3
DA:64,8
DA:65,2
DA:66,2
DA:69,8
DA:73,8
DA:88,8
DA:92,8
DA:103,8
DA:115,4
DA:124,4
DA:126,4
DA:128,2
DA:137,2
DA:138,2
DA:140,2
DA:156,4
DA:159,3
DA:161,3
DA:169,3
DA:170,3
DA:172,3
DA:174,2
DA:183,4
DA:188,4
DA:190,4
DA:194,6
LF:39
LH:39
BRDA:55,0,0,3
BRDA:55,0,1,5
BRDA:60,1,0,3
BRDA:60,1,1,5
BRDA:64,2,0,2
BRDA:64,2,1,6
BRDA:69,3,0,6
BRDA:69,3,1,2
BRDA:86,4,0,1
BRDA:126,5,0,2
BRDA:126,5,1,2
BRDA:172,6,0,1
BRDA:172,6,1,2
BRDA:190,7,0,2
BRDA:190,7,1,2
BRF:15
BRH:15
end_of_record
TN:
SF:solution/models/user.js
FN:24,(anonymous_0)
FN:59,(anonymous_1)
FN:104,(anonymous_2)
FN:126,(anonymous_3)
FN:147,(anonymous_4)
FN:168,(anonymous_5)
FN:201,(anonymous_6)
FN:220,(anonymous_7)
FNF:8
FNH:8
FNDA:7,(anonymous_0)
FNDA:19,(anonymous_1)
FNDA:3,(anonymous_2)
FNDA:5,(anonymous_3)
FNDA:3,(anonymous_4)
FNDA:8,(anonymous_5)
FNDA:5,(anonymous_6)
FNDA:12,(anonymous_7)
DA:3,6
DA:4,6
DA:5,6
DA:10,6
DA:12,6
DA:26,7
DA:38,7
DA:40,7
DA:42,4
DA:43,4
DA:44,3
DA:45,3
DA:49,4
DA:61,19
DA:68,19
DA:69,1
DA:72,18
DA:74,18
DA:94,18
DA:96,18
DA:105,3
DA:115,2
DA:127,5
DA:138,5
DA:140,5
DA:142,3
DA:147,3
DA:148,3
DA:169,8
DA:170,2
DA:173,8
DA:180,7
DA:182,7
DA:190,7
DA:191,7
DA:193,7
DA:195,5
DA:196,5
DA:202,5
DA:209,5
DA:211,5
DA:221,12
DA:225,12
DA:227,12
DA:229,9
DA:233,9
DA:235,9
DA:237,7
DA:245,6
LF:49
LH:49
BRDA:40,0,0,4
BRDA:40,0,1,3
BRDA:43,1,0,3
BRDA:43,1,1,1
BRDA:68,2,0,1
BRDA:68,2,1,18
BRDA:140,3,0,2
BRDA:140,3,1,3
BRDA:169,4,0,2
BRDA:169,4,1,6
BRDA:193,5,0,2
BRDA:193,5,1,5
BRDA:211,6,0,2
BRDA:211,6,1,3
BRDA:227,7,0,3
BRDA:227,7,1,9
BRDA:235,8,0,2
BRDA:235,8,1,7
BRF:18
BRH:18
end_of_record
TN:
SF:solution/routes/_testCommon.js
FN:11,commonBeforeAll
FN:77,commonBeforeEach
FN:81,commonAfterEach
FN:85,commonAfterAll
FNF:4
FNH:4
FNDA:4,commonBeforeAll
FNDA:82,commonBeforeEach
FNDA:82,commonAfterEach
FNDA:4,commonAfterAll
DA:3,4
DA:4,4
DA:5,4
DA:6,4
DA:7,4
DA:9,4
DA:13,4
DA:15,4
DA:17,4
DA:25,4
DA:33,4
DA:42,4
DA:44,4
DA:46,4
DA:49,4
DA:57,4
DA:65,4
DA:74,4
DA:78,82
DA:82,82
DA:86,4
DA:90,4
DA:91,4
DA:92,4
DA:95,4
LF:25
LH:25
BRF:0
BRH:0
end_of_record
TN:
SF:solution/routes/auth.js
FN:22,(anonymous_0)
FN:29,(anonymous_1)
FN:49,(anonymous_2)
FN:56,(anonymous_3)
FNF:4
FNH:4
FNDA:5,(anonymous_0)
FNDA:2,(anonymous_1)
FNDA:3,(anonymous_2)
FNDA:5,(anonymous_3)
DA:5,5
DA:7,5
DA:8,5
DA:9,5
DA:10,5
DA:11,5
DA:12,5
DA:13,5
DA:22,5
DA:23,5
DA:28,5
DA:29,2
DA:30,2
DA:33,3
DA:34,3
DA:35,1
DA:36,1
DA:49,5
DA:50,3
DA:55,3
DA:56,5
DA:57,2
DA:60,1
DA:61,1
DA:62,1
DA:66,5
LF:26
LH:26
BRDA:28,0,0,2
BRDA:28,0,1,3
BRDA:55,1,0,2
BRDA:55,1,1,1
BRF:4
BRH:4
end_of_record
TN:
SF:solution/routes/companies.js
FN:28,(anonymous_0)
FN:35,(anonymous_1)
FN:54,(anonymous_2)
FN:66,(anonymous_3)
FN:82,(anonymous_4)
FN:98,(anonymous_5)
FN:105,(anonymous_6)
FN:118,(anonymous_7)
FNF:8
FNH:8
FNDA:3,(anonymous_0)
FNDA:3,(anonymous_1)
FNDA:4,(anonymous_2)
FNDA:1,(anonymous_3)
FNDA:3,(anonymous_4)
FNDA:4,(anonymous_5)
FNDA:2,(anonymous_6)
FNDA:2,(anonymous_7)
DA:5,5
DA:6,5
DA:8,5
DA:9,5
DA:10,5
DA:12,5
DA:13,5
DA:14,5
DA:16,5
DA:28,5
DA:29,3
DA:34,3
DA:35,3
DA:36,2
DA:39,1
DA:40,1
DA:54,5
DA:55,4
DA:57,4
DA:58,4
DA:60,4
DA:65,4
DA:66,1
DA:67,1
DA:70,3
DA:71,3
DA:82,5
DA:83,3
DA:84,2
DA:98,5
DA:99,4
DA:104,4
DA:105,2
DA:106,2
DA:109,2
DA:110,1
DA:118,5
DA:119,2
DA:120,1
DA:124,5
LF:40
LH:40
BRDA:34,0,0,2
BRDA:34,0,1,1
BRDA:57,1,0,3
BRDA:57,1,1,1
BRDA:58,2,0,1
BRDA:58,2,1,3
BRDA:65,3,0,1
BRDA:65,3,1,3
BRDA:104,4,0,2
BRDA:104,4,1,2
BRF:10
BRH:10
end_of_record
TN:
SF:solution/routes/jobs.js
FN:27,(anonymous_0)
FN:34,(anonymous_1)
FN:53,(anonymous_2)
FN:65,(anonymous_3)
FN:81,(anonymous_4)
FN:96,(anonymous_5)
FN:103,(anonymous_6)
FN:116,(anonymous_7)
FNF:8
FNH:8
FNDA:3,(anonymous_0)
FNDA:2,(anonymous_1)
FNDA:4,(anonymous_2)
FNDA:1,(anonymous_3)
FNDA:2,(anonymous_4)
FNDA:4,(anonymous_5)
FNDA:6,(anonymous_6)
FNDA:2,(anonymous_7)
DA:5,5
DA:7,5
DA:8,5
DA:9,5
DA:10,5
DA:11,5
DA:12,5
DA:13,5
DA:15,5
DA:27,5
DA:28,3
DA:33,3
DA:34,2
DA:35,2
DA:38,1
DA:39,1
DA:53,5
DA:54,4
DA:56,4
DA:57,4
DA:59,4
DA:64,4
DA:65,1
DA:66,1
DA:69,3
DA:70,3
DA:81,5
DA:82,2
DA:83,1
DA:96,5
DA:97,4
DA:102,4
DA:103,6
DA:104,3
DA:107,1
DA:108,1
DA:116,5
DA:117,2
DA:118,1
DA:122,5
LF:40
LH:40
BRDA:33,0,0,2
BRDA:33,0,1,1
BRDA:56,1,0,2
BRDA:56,1,1,2
BRDA:64,2,0,1
BRDA:64,2,1,3
BRDA:102,3,0,3
BRDA:102,3,1,1
BRF:8
BRH:8
end_of_record
TN:
SF:solution/routes/users.js
FN:30,(anonymous_0)
FN:38,(anonymous_1)
FN:58,(anonymous_2)
FN:76,(anonymous_3)
FN:96,(anonymous_4)
FN:104,(anonymous_5)
FN:121,(anonymous_6)
FN:138,(anonymous_7)
FNF:8
FNH:8
FNDA:4,(anonymous_0)
FNDA:5,(anonymous_1)
FNDA:2,(anonymous_2)
FNDA:3,(anonymous_3)
FNDA:5,(anonymous_4)
FNDA:1,(anonymous_5)
FNDA:3,(anonymous_6)
FNDA:5,(anonymous_7)
DA:5,5
DA:7,5
DA:8,5
DA:9,5
DA:10,5
DA:11,5
DA:12,5
DA:13,5
DA:15,5
DA:30,5
DA:31,4
DA:32,4
DA:37,4
DA:38,5
DA:39,2
DA:42,2
DA:43,2
DA:44,2
DA:46,2
DA:58,5
DA:59,2
DA:60,2
DA:61,1
DA:63,1
DA:76,5
DA:77,3
DA:78,3
DA:79,2
DA:81,1
DA:96,5
DA:97,5
DA:98,5
DA:103,5
DA:104,1
DA:105,1
DA:108,4
DA:109,3
DA:111,2
DA:121,5
DA:122,3
DA:123,3
DA:124,2
DA:126,1
DA:138,5
DA:139,5
DA:140,5
DA:141,5
DA:142,2
DA:144,3
DA:149,5
LF:50
LH:50
BRDA:37,0,0,2
BRDA:37,0,1,2
BRDA:103,1,0,1
BRDA:103,1,1,4
BRF:4
BRH:4
end_of_record
